mode: set
go-algorithms/data_structures/hash_tables/hash_tables.go:11.27,13.32 2 1
go-algorithms/data_structures/hash_tables/hash_tables.go:17.2,17.13 1 1
go-algorithms/data_structures/hash_tables/hash_tables.go:13.32,15.3 1 1
go-algorithms/data_structures/hash_tables/hash_tables.go:24.49,26.21 2 1
go-algorithms/data_structures/hash_tables/hash_tables.go:29.2,29.27 1 1
go-algorithms/data_structures/hash_tables/hash_tables.go:26.21,28.3 1 1
go-algorithms/data_structures/hash_tables/hash_tables.go:36.42,40.2 3 1
go-algorithms/data_structures/hash_tables/hash_tables.go:45.33,49.2 2 1
